<?xml version="1.0" encoding="UTF-8"?>
<testng-results ignored="0" total="2" passed="2" failed="0" skipped="0">
  <reporter-output>
  </reporter-output>
  <suite started-at="2020-01-16T13:43:18 EET" name="Test - Suite" finished-at="2020-01-16T13:43:54 EET" duration-ms="36467">
    <groups>
    </groups>
    <test started-at="2020-01-16T13:43:18 EET" name="Selenuim Training" finished-at="2020-01-16T13:43:54 EET" duration-ms="36467">
      <class name="automationFramework.SearchChair">
        <test-method is-config="true" signature="beforeMethod()[pri:0, instance:automationFramework.SearchChair@14d3bc22]" started-at="2020-01-16T13:43:18 EET" name="beforeMethod" finished-at="2020-01-16T13:43:27 EET" duration-ms="9196" status="PASS">
          <reporter-output>
          </reporter-output>
        </test-method> <!-- beforeMethod -->
        <test-method signature="f()[pri:0, instance:automationFramework.SearchChair@14d3bc22]" started-at="2020-01-16T13:43:27 EET" name="f" finished-at="2020-01-16T13:43:33 EET" duration-ms="5804" status="PASS">
          <reporter-output>
          </reporter-output>
        </test-method> <!-- f -->
        <test-method is-config="true" signature="afterMethod()[pri:0, instance:automationFramework.SearchChair@14d3bc22]" started-at="2020-01-16T13:43:33 EET" name="afterMethod" finished-at="2020-01-16T13:43:36 EET" duration-ms="3862" status="PASS">
          <reporter-output>
          </reporter-output>
        </test-method> <!-- afterMethod -->
      </class> <!-- automationFramework.SearchChair -->
      <class name="automationFramework.SearchBed">
        <test-method is-config="true" signature="beforeMethod()[pri:0, instance:automationFramework.SearchBed@12d4bf7e]" started-at="2020-01-16T13:43:36 EET" name="beforeMethod" finished-at="2020-01-16T13:43:45 EET" duration-ms="8457" status="PASS">
          <reporter-output>
          </reporter-output>
        </test-method> <!-- beforeMethod -->
        <test-method signature="f()[pri:0, instance:automationFramework.SearchBed@12d4bf7e]" started-at="2020-01-16T13:43:45 EET" name="f" finished-at="2020-01-16T13:43:50 EET" duration-ms="5250" status="PASS">
          <reporter-output>
          </reporter-output>
        </test-method> <!-- f -->
        <test-method is-config="true" signature="afterMethod()[pri:0, instance:automationFramework.SearchBed@12d4bf7e]" started-at="2020-01-16T13:43:50 EET" name="afterMethod" finished-at="2020-01-16T13:43:54 EET" duration-ms="3872" status="PASS">
          <reporter-output>
          </reporter-output>
        </test-method> <!-- afterMethod -->
      </class> <!-- automationFramework.SearchBed -->
    </test> <!-- Selenuim Training -->
  </suite> <!-- Test - Suite -->
</testng-results>
